<?xml version="1.0" encoding="UTF-8"?>
<!-- Generated by org.testng.reporters.JUnitReportReporter -->
<testsuite skipped="0" hostname="NB-OHERRERA" name="rips.test.TestFormValidarRips" tests="1" failures="0" timestamp="12 jul 2019 22:33:41 GMT" time="24.957" errors="0">
  <testcase name="ingresoDatosValidarRips" time="24.957" classname="rips.test.TestFormValidarRips"/>
</testsuite> <!-- rips.test.TestFormValidarRips -->
