<?xml version="1.0" encoding="UTF-8"?>
<!-- Generated by org.testng.reporters.JUnitReportReporter -->
<testsuite skipped="0" hostname="NB-OHERRERA" name="Test.TestFormValidarRips" tests="2" failures="0" timestamp="12 jul 2019 15:14:02 GMT" time="13.537" errors="0">
  <testcase name="IngresarDatos" time="3.975" classname="Test.TestFormValidarRips"/>
  <testcase name="ingresoDatosValidarRips" time="9.562" classname="Test.TestFormValidarRips"/>
</testsuite> <!-- Test.TestFormValidarRips -->
